<?xml version="1.0" encoding="UTF-8"?>
<!-- Generated by org.testng.reporters.JUnitReportReporter -->
<testsuite skipped="0" hostname="DESKTOP-86SU9N9" name="LearnPageFactory.TC001_PageFact" tests="1" failures="0" timestamp="2020-03-03T21:17:17 PST" time="7.071" errors="0">
  <testcase name="runLogin" time="7.071" classname="LearnPageFactory.TC001_PageFact"/>
</testsuite> <!-- LearnPageFactory.TC001_PageFact -->
